<?xml version="1.0" encoding="UTF-8"?>
<!-- Generated by org.testng.reporters.JUnitReportReporter -->
<testsuite hostname="DESKTOP-C8GAB27" failures="0" tests="1" name="com.store.scripts.LaunchBrowser" time="8.931" errors="0" timestamp="2025-03-06T19:49:59 IST" skipped="0">
  <testcase classname="com.store.scripts.LaunchBrowser" name="launchBrowser" time="8.931"/>
  <system-out/>
</testsuite> <!-- com.store.scripts.LaunchBrowser -->
